<?xml version="1.0" encoding="UTF-8"?>
<testsuite name="obtencion de datos" tests="2" skipped="0" failures="0" errors="0" timestamp="2022-03-25T23:57:44" hostname="LAPTOP-0HI916MJ" time="6.258">
  <properties/>
  <testcase name="Obtener datos de usuario" classname="obtencion de datos" time="5.357"/>
  <testcase name="Agregar comentarios" classname="obtencion de datos" time="0.901"/>
  <system-out><![CDATA[Request method:	GET
Request URI:	https://jsonplaceholder.typicode.com/posts/1
Proxy:			<none>
Request params:	<none>
Query params:	<none>
Form params:	<none>
Path params:	<none>
Headers:		Accept=*/*
				Content-Type=application/json; charset=UTF-8
Cookies:		<none>
Multiparts:		<none>
Body:			<none>
{
    "userId": 1,
    "id": 1,
    "title": "sunt aut facere repellat provident occaecati excepturi optio reprehenderit",
    "body": "quia et suscipit\nsuscipit recusandae consequuntur expedita et cum\nreprehenderit molestiae ut ut quas totam\nnostrum rerum est autem sunt rem eveniet architecto"
}
2022-03-25 18:57:50 INFO  GetPostCustomerStep:106 {"name":"Josphine Jast","postId":"48","email":"Josphine@outlook.com"}
Request method:	POST
Request URI:	https://jsonplaceholder.typicode.com/comments
Proxy:			<none>
Request params:	<none>
Query params:	<none>
Form params:	<none>
Path params:	<none>
Headers:		Accept=*/*
				Content-Type=application/json; charset=UTF-8
Cookies:		<none>
Multiparts:		<none>
Body:
{
    "name": "Josphine Jast",
    "postId": "48",
    "email": "Josphine@outlook.com"
}
{
    "name": "Josphine Jast",
    "postId": "48",
    "email": "Josphine@outlook.com",
    "id": 501
}
]]></system-out>
  <system-err><![CDATA[1454 [Test worker] INFO io.cucumber.core.plugin.SerenityReporter - Running feature from file:///C:/Users/alvar/Desktop/RETO_SCREENPLAY_REST/src/test/resources/feature/ObtenerAgregarDatos.feature
1454 [Test worker] WARN io.cucumber.core.plugin.SerenityReporter - Feature from file:///C:/Users/alvar/Desktop/RETO_SCREENPLAY_REST/src/test/resources/feature/ObtenerAgregarDatos.feature is not under the 'features' directory. Requirements report will not be correctly generated!
1677 [Test worker] INFO  - 
 _____ _____ ____ _____   ____ _____  _    ____ _____ _____ ____  
|_   _| ____/ ___|_   _| / ___|_   _|/ \  |  _ \_   _| ____|  _ \ 
  | | |  _| \___ \ | |   \___ \ | | / _ \ | |_) || | |  _| | | | |
  | | | |___ ___) || |    ___) || |/ ___ \|  _ < | | | |___| |_| |
  |_| |_____|____/ |_|   |____/ |_/_/   \_\_| \_\|_| |_____|____/ 

Obtener datos de usuario(obtencion-de-datos;obtener-datos-de-usuario)
-------------------------------------------------------------------
6664 [Test worker] INFO  - 
        __    _____ _____ ____ _____   ____   _    ____  ____  _____ ____  
  _     \ \  |_   _| ____/ ___|_   _| |  _ \ / \  / ___|/ ___|| ____|  _ \ 
 (_)_____| |   | | |  _| \___ \ | |   | |_) / _ \ \___ \\___ \|  _| | | | |
  _|_____| |   | | | |___ ___) || |   |  __/ ___ \ ___) |___) | |___| |_| |
 (_)     | |   |_| |_____|____/ |_|   |_| /_/   \_\____/|____/|_____|____/ 
        /_/                                                                

Obtener datos de usuario
----------------------------------------------------------------------------
6664 [Test worker] INFO io.cucumber.core.plugin.SerenityReporter - Running feature from file:///C:/Users/alvar/Desktop/RETO_SCREENPLAY_REST/src/test/resources/feature/ObtenerAgregarDatos.feature
6680 [Test worker] WARN io.cucumber.core.plugin.SerenityReporter - Feature from file:///C:/Users/alvar/Desktop/RETO_SCREENPLAY_REST/src/test/resources/feature/ObtenerAgregarDatos.feature is not under the 'features' directory. Requirements report will not be correctly generated!
6680 [Test worker] INFO  - 
 _____ _____ ____ _____   ____ _____  _    ____ _____ _____ ____  
|_   _| ____/ ___|_   _| / ___|_   _|/ \  |  _ \_   _| ____|  _ \ 
  | | |  _| \___ \ | |   \___ \ | | / _ \ | |_) || | |  _| | | | |
  | | | |___ ___) || |    ___) || |/ ___ \|  _ < | | | |___| |_| |
  |_| |_____|____/ |_|   |____/ |_/_/   \_\_| \_\|_| |_____|____/ 

Agregar comentarios(obtencion-de-datos;agregar-comentarios)
-------------------------------------------------------------------
7563 [Test worker] INFO  - 
        __    _____ _____ ____ _____   ____   _    ____  ____  _____ ____  
  _     \ \  |_   _| ____/ ___|_   _| |  _ \ / \  / ___|/ ___|| ____|  _ \ 
 (_)_____| |   | | |  _| \___ \ | |   | |_) / _ \ \___ \\___ \|  _| | | | |
  _|_____| |   | | | |___ ___) || |   |  __/ ___ \ ___) |___) | |___| |_| |
 (_)     | |   |_| |_____|____/ |_|   |_| /_/   \_\____/|____/|_____|____/ 
        /_/                                                                

Agregar comentarios
----------------------------------------------------------------------------
]]></system-err>
</testsuite>
