<?xml version="1.0" encoding="UTF-8"?>
<testsuite name="Actualizar y eliminar datos" tests="2" skipped="0" failures="0" errors="0" timestamp="2022-03-26T04:11:27" hostname="LAPTOP-0HI916MJ" time="11.145">
  <properties/>
  <testcase name="Actualizar Datos" classname="Actualizar y eliminar datos" time="10.197"/>
  <testcase name="Eliminar Datos" classname="Actualizar y eliminar datos" time="0.948"/>
  <system-out><![CDATA[2022-03-25 23:11:28 INFO  PatchDeleteCustomerStep:49 {"name":"Ahmed Hammes","job":"Central Sales Designer"}
Request method:	PATCH
Request URI:	https://reqres.in/api/users/2
Proxy:			<none>
Request params:	<none>
Query params:	<none>
Form params:	<none>
Path params:	<none>
Headers:		Accept=*/*
				Content-Type=application/json; charset=UTF-8
Cookies:		<none>
Multiparts:		<none>
Body:
{
    "name": "Ahmed Hammes",
    "job": "Central Sales Designer"
}
{
    "name": "Ahmed Hammes",
    "job": "Central Sales Designer",
    "updatedAt": "2022-03-26T04:11:35.241Z"
}
Request method:	DELETE
Request URI:	https://reqres.in/api/users/2
Proxy:			<none>
Request params:	<none>
Query params:	<none>
Form params:	<none>
Path params:	<none>
Headers:		Accept=*/*
				Content-Type=application/json; charset=UTF-8
Cookies:		<none>
Multiparts:		<none>
Body:			<none>

]]></system-out>
  <system-err><![CDATA[1809 [Test worker] INFO io.cucumber.core.plugin.SerenityReporter - Running feature from file:///C:/Users/alvar/Desktop/RETO_SCREENPLAY_REST/src/test/resources/feature/AgregarParcheEliminar.feature
1809 [Test worker] WARN io.cucumber.core.plugin.SerenityReporter - Feature from file:///C:/Users/alvar/Desktop/RETO_SCREENPLAY_REST/src/test/resources/feature/AgregarParcheEliminar.feature is not under the 'features' directory. Requirements report will not be correctly generated!
2006 [Test worker] INFO  - 
 _____ _____ ____ _____   ____ _____  _    ____ _____ _____ ____  
|_   _| ____/ ___|_   _| / ___|_   _|/ \  |  _ \_   _| ____|  _ \ 
  | | |  _| \___ \ | |   \___ \ | | / _ \ | |_) || | |  _| | | | |
  | | | |___ ___) || |    ___) || |/ ___ \|  _ < | | | |___| |_| |
  |_| |_____|____/ |_|   |____/ |_/_/   \_\_| \_\|_| |_____|____/ 

Actualizar Datos(actualizar-y-eliminar-datos;actualizar-datos)
-------------------------------------------------------------------
11840 [Test worker] INFO  - 
        __    _____ _____ ____ _____   ____   _    ____  ____  _____ ____  
  _     \ \  |_   _| ____/ ___|_   _| |  _ \ / \  / ___|/ ___|| ____|  _ \ 
 (_)_____| |   | | |  _| \___ \ | |   | |_) / _ \ \___ \\___ \|  _| | | | |
  _|_____| |   | | | |___ ___) || |   |  __/ ___ \ ___) |___) | |___| |_| |
 (_)     | |   |_| |_____|____/ |_|   |_| /_/   \_\____/|____/|_____|____/ 
        /_/                                                                

Actualizar Datos
----------------------------------------------------------------------------
11859 [Test worker] INFO io.cucumber.core.plugin.SerenityReporter - Running feature from file:///C:/Users/alvar/Desktop/RETO_SCREENPLAY_REST/src/test/resources/feature/AgregarParcheEliminar.feature
11859 [Test worker] WARN io.cucumber.core.plugin.SerenityReporter - Feature from file:///C:/Users/alvar/Desktop/RETO_SCREENPLAY_REST/src/test/resources/feature/AgregarParcheEliminar.feature is not under the 'features' directory. Requirements report will not be correctly generated!
11865 [Test worker] INFO  - 
 _____ _____ ____ _____   ____ _____  _    ____ _____ _____ ____  
|_   _| ____/ ___|_   _| / ___|_   _|/ \  |  _ \_   _| ____|  _ \ 
  | | |  _| \___ \ | |   \___ \ | | / _ \ | |_) || | |  _| | | | |
  | | | |___ ___) || |    ___) || |/ ___ \|  _ < | | | |___| |_| |
  |_| |_____|____/ |_|   |____/ |_/_/   \_\_| \_\|_| |_____|____/ 

Eliminar Datos(actualizar-y-eliminar-datos;eliminar-datos)
-------------------------------------------------------------------
12799 [Test worker] INFO  - 
        __    _____ _____ ____ _____   ____   _    ____  ____  _____ ____  
  _     \ \  |_   _| ____/ ___|_   _| |  _ \ / \  / ___|/ ___|| ____|  _ \ 
 (_)_____| |   | | |  _| \___ \ | |   | |_) / _ \ \___ \\___ \|  _| | | | |
  _|_____| |   | | | |___ ___) || |   |  __/ ___ \ ___) |___) | |___| |_| |
 (_)     | |   |_| |_____|____/ |_|   |_| /_/   \_\____/|____/|_____|____/ 
        /_/                                                                

Eliminar Datos
----------------------------------------------------------------------------
]]></system-err>
</testsuite>
